# JRE version: OpenJDK Runtime Environment Temurin-21.0.7+6 (21.0.7+6) (build 21.0.7+6-LTS)
# Java VM: OpenJDK 64-Bit Server VM Temurin-21.0.7+6 (21.0.7+6-LTS, mixed mode, sharing, tiered, compressed oops, compressed class ptrs, parallel gc, windows-amd64)
GC Precious Log:
 CardTable entry size: 512
 CPUs: 16 total, 16 available
 Memory: 15789M
 Large Page Support: Disabled
 NUMA Support: Disabled
 Compressed Oops: Enabled (32-bit)
 Alignments: Space 512K, Generation 512K, Heap 2M
 Heap Min Capacity: 100M
 Heap Initial Capacity: 100M
 Heap Max Capacity: 2G
 Pre-touch: Disabled
 Parallel Workers: 13
Heap:
 PSYoungGen      total 7168K, used 7048K [0x00000000d5580000, 0x00000000d5d80000, 0x0000000100000000)
  eden space 6144K, 100% used [0x00000000d5580000,0x00000000d5b80000,0x00000000d5b80000)
  from space 1024K, 88% used [0x00000000d5c80000,0x00000000d5d62378,0x00000000d5d80000)
  to   space 1024K, 98% used [0x00000000d5b80000,0x00000000d5c7b008,0x00000000d5c80000)
 ParOldGen       total 805888K, used 805751K [0x0000000080000000, 0x00000000b1300000, 0x00000000d5580000)
  object space 805888K, 99% used [0x0000000080000000,0x00000000b12ddcb0,0x00000000b1300000)
 Metaspace       used 68610K, committed 70080K, reserved 1114112K
  class space    used 6791K, committed 7424K, reserved 1048576K
GC Heap History (20 events):
Event: 33.008 GC heap after
{Heap after GC invocations=1282 (full 3):
 PSYoungGen      total 5632K, used 704K [0x00000000d5580000, 0x00000000d5c00000, 0x0000000100000000)
  eden space 4608K, 0% used [0x00000000d5580000,0x00000000d5580000,0x00000000d5a00000)
  from space 1024K, 68% used [0x00000000d5a00000,0x00000000d5ab0000,0x00000000d5b00000)
  to   space 1024K, 0% used [0x00000000d5b00000,0x00000000d5b00000,0x00000000d5c00000)
 ParOldGen       total 800768K, used 800704K [0x0000000080000000, 0x00000000b0e00000, 0x00000000d5580000)
  object space 800768K, 99% used [0x0000000080000000,0x00000000b0df0260,0x00000000b0e00000)
 Metaspace       used 68609K, committed 70080K, reserved 1114112K
  class space    used 6791K, committed 7424K, reserved 1048576K
}
Event: 33.020 GC heap before
{Heap before GC invocations=1283 (full 3):
 PSYoungGen      total 5632K, used 5312K [0x00000000d5580000, 0x00000000d5c00000, 0x0000000100000000)
  eden space 4608K, 100% used [0x00000000d5580000,0x00000000d5a00000,0x00000000d5a00000)
  from space 1024K, 68% used [0x00000000d5a00000,0x00000000d5ab0000,0x00000000d5b00000)
  to   space 1024K, 0% used [0x00000000d5b00000,0x00000000d5b00000,0x00000000d5c00000)
 ParOldGen       total 800768K, used 800704K [0x0000000080000000, 0x00000000b0e00000, 0x00000000d5580000)
  object space 800768K, 99% used [0x0000000080000000,0x00000000b0df0260,0x00000000b0e00000)
 Metaspace       used 68609K, committed 70080K, reserved 1114112K
  class space    used 6791K, committed 7424K, reserved 1048576K
}
Event: 33.023 GC heap after
{Heap after GC invocations=1283 (full 3):
 PSYoungGen      total 5632K, used 672K [0x00000000d5580000, 0x00000000d5c00000, 0x0000000100000000)
  eden space 4608K, 0% used [0x00000000d5580000,0x00000000d5580000,0x00000000d5a00000)
  from space 1024K, 65% used [0x00000000d5b00000,0x00000000d5ba8000,0x00000000d5c00000)
  to   space 1024K, 0% used [0x00000000d5a00000,0x00000000d5a00000,0x00000000d5b00000)
 ParOldGen       total 801280K, used 801265K [0x0000000080000000, 0x00000000b0e80000, 0x00000000d5580000)
  object space 801280K, 99% used [0x0000000080000000,0x00000000b0e7c7c8,0x00000000b0e80000)
 Metaspace       used 68609K, committed 70080K, reserved 1114112K
  class space    used 6791K, committed 7424K, reserved 1048576K
}
Event: 33.044 GC heap before
{Heap before GC invocations=1284 (full 3):
 PSYoungGen      total 5632K, used 5280K [0x00000000d5580000, 0x00000000d5c00000, 0x0000000100000000)
  eden space 4608K, 100% used [0x00000000d5580000,0x00000000d5a00000,0x00000000d5a00000)
  from space 1024K, 65% used [0x00000000d5b00000,0x00000000d5ba8000,0x00000000d5c00000)
  to   space 1024K, 0% used [0x00000000d5a00000,0x00000000d5a00000,0x00000000d5b00000)
 ParOldGen       total 801280K, used 801265K [0x0000000080000000, 0x00000000b0e80000, 0x00000000d5580000)
  object space 801280K, 99% used [0x0000000080000000,0x00000000b0e7c7c8,0x00000000b0e80000)
 Metaspace       used 68610K, committed 70080K, reserved 1114112K
  class space    used 6791K, committed 7424K, reserved 1048576K
}
Event: 33.046 GC heap after
{Heap after GC invocations=1284 (full 3):
 PSYoungGen      total 5632K, used 896K [0x00000000d5580000, 0x00000000d5c00000, 0x0000000100000000)
  eden space 4608K, 0% used [0x00000000d5580000,0x00000000d5580000,0x00000000d5a00000)
  from space 1024K, 87% used [0x00000000d5a00000,0x00000000d5ae0000,0x00000000d5b00000)
  to   space 1024K, 0% used [0x00000000d5b00000,0x00000000d5b00000,0x00000000d5c00000)
 ParOldGen       total 802304K, used 801793K [0x0000000080000000, 0x00000000b0f80000, 0x00000000d5580000)
  object space 802304K, 99% used [0x0000000080000000,0x00000000b0f007c8,0x00000000b0f80000)
 Metaspace       used 68610K, committed 70080K, reserved 1114112K
  class space    used 6791K, committed 7424K, reserved 1048576K
}
Event: 33.096 GC heap before
{Heap before GC invocations=1285 (full 3):
 PSYoungGen      total 5632K, used 5504K [0x00000000d5580000, 0x00000000d5c00000, 0x0000000100000000)
  eden space 4608K, 100% used [0x00000000d5580000,0x00000000d5a00000,0x00000000d5a00000)
  from space 1024K, 87% used [0x00000000d5a00000,0x00000000d5ae0000,0x00000000d5b00000)
  to   space 1024K, 0% used [0x00000000d5b00000,0x00000000d5b00000,0x00000000d5c00000)
 ParOldGen       total 802304K, used 801793K [0x0000000080000000, 0x00000000b0f80000, 0x00000000d5580000)
  object space 802304K, 99% used [0x0000000080000000,0x00000000b0f007c8,0x00000000b0f80000)
 Metaspace       used 68610K, committed 70080K, reserved 1114112K
  class space    used 6791K, committed 7424K, reserved 1048576K
}
Event: 33.099 GC heap after
{Heap after GC invocations=1285 (full 3):
 PSYoungGen      total 5632K, used 832K [0x00000000d5580000, 0x00000000d5c00000, 0x0000000100000000)
  eden space 4608K, 0% used [0x00000000d5580000,0x00000000d5580000,0x00000000d5a00000)
  from space 1024K, 81% used [0x00000000d5b00000,0x00000000d5bd0000,0x00000000d5c00000)
  to   space 1024K, 0% used [0x00000000d5a00000,0x00000000d5a00000,0x00000000d5b00000)
 ParOldGen       total 802304K, used 802300K [0x0000000080000000, 0x00000000b0f80000, 0x00000000d5580000)
  object space 802304K, 99% used [0x0000000080000000,0x00000000b0f7f3d0,0x00000000b0f80000)
 Metaspace       used 68610K, committed 70080K, reserved 1114112K
  class space    used 6791K, committed 7424K, reserved 1048576K
}
Event: 33.158 GC heap before
{Heap before GC invocations=1286 (full 3):
 PSYoungGen      total 5632K, used 5440K [0x00000000d5580000, 0x00000000d5c00000, 0x0000000100000000)
  eden space 4608K, 100% used [0x00000000d5580000,0x00000000d5a00000,0x00000000d5a00000)
  from space 1024K, 81% used [0x00000000d5b00000,0x00000000d5bd0000,0x00000000d5c00000)
  to   space 1024K, 0% used [0x00000000d5a00000,0x00000000d5a00000,0x00000000d5b00000)
 ParOldGen       total 802304K, used 802300K [0x0000000080000000, 0x00000000b0f80000, 0x00000000d5580000)
  object space 802304K, 99% used [0x0000000080000000,0x00000000b0f7f3d0,0x00000000b0f80000)
 Metaspace       used 68610K, committed 70080K, reserved 1114112K
  class space    used 6791K, committed 7424K, reserved 1048576K
}
Event: 34.169 GC heap after
{Heap after GC invocations=1286 (full 3):
 PSYoungGen      total 5632K, used 288K [0x00000000d5580000, 0x00000000d5c00000, 0x0000000100000000)
  eden space 4608K, 0% used [0x00000000d5580000,0x00000000d5580000,0x00000000d5a00000)
  from space 1024K, 28% used [0x00000000d5a00000,0x00000000d5a48000,0x00000000d5b00000)
  to   space 512K, 0% used [0x00000000d5b80000,0x00000000d5b80000,0x00000000d5c00000)
 ParOldGen       total 802816K, used 802460K [0x0000000080000000, 0x00000000b1000000, 0x00000000d5580000)
  object space 802816K, 99% used [0x0000000080000000,0x00000000b0fa73d0,0x00000000b1000000)
 Metaspace       used 68610K, committed 70080K, reserved 1114112K
  class space    used 6791K, committed 7424K, reserved 1048576K
}
Event: 34.223 GC heap before
{Heap before GC invocations=1287 (full 3):
 PSYoungGen      total 5632K, used 4896K [0x00000000d5580000, 0x00000000d5c00000, 0x0000000100000000)
  eden space 4608K, 100% used [0x00000000d5580000,0x00000000d5a00000,0x00000000d5a00000)
  from space 1024K, 28% used [0x00000000d5a00000,0x00000000d5a48000,0x00000000d5b00000)
  to   space 512K, 0% used [0x00000000d5b80000,0x00000000d5b80000,0x00000000d5c00000)
 ParOldGen       total 802816K, used 802460K [0x0000000080000000, 0x00000000b1000000, 0x00000000d5580000)
  object space 802816K, 99% used [0x0000000080000000,0x00000000b0fa73d0,0x00000000b1000000)
 Metaspace       used 68610K, committed 70080K, reserved 1114112K
  class space    used 6791K, committed 7424K, reserved 1048576K
}
Event: 36.248 GC heap after
{Heap after GC invocations=1287 (full 3):
 PSYoungGen      total 5120K, used 504K [0x00000000d5580000, 0x00000000d5c00000, 0x0000000100000000)
  eden space 4608K, 0% used [0x00000000d5580000,0x00000000d5580000,0x00000000d5a00000)
  from space 512K, 98% used [0x00000000d5b80000,0x00000000d5bfe180,0x00000000d5c00000)
  to   space 1024K, 0% used [0x00000000d5a00000,0x00000000d5a00000,0x00000000d5b00000)
 ParOldGen       total 802816K, used 802588K [0x0000000080000000, 0x00000000b1000000, 0x00000000d5580000)
  object space 802816K, 99% used [0x0000000080000000,0x00000000b0fc73d0,0x00000000b1000000)
 Metaspace       used 68610K, committed 70080K, reserved 1114112K
  class space    used 6791K, committed 7424K, reserved 1048576K
}
Event: 36.263 GC heap before
{Heap before GC invocations=1288 (full 3):
 PSYoungGen      total 5120K, used 5112K [0x00000000d5580000, 0x00000000d5c00000, 0x0000000100000000)
  eden space 4608K, 100% used [0x00000000d5580000,0x00000000d5a00000,0x00000000d5a00000)
  from space 512K, 98% used [0x00000000d5b80000,0x00000000d5bfe180,0x00000000d5c00000)
  to   space 1024K, 0% used [0x00000000d5a00000,0x00000000d5a00000,0x00000000d5b00000)
 ParOldGen       total 802816K, used 802588K [0x0000000080000000, 0x00000000b1000000, 0x00000000d5580000)
  object space 802816K, 99% used [0x0000000080000000,0x00000000b0fc73d0,0x00000000b1000000)
 Metaspace       used 68610K, committed 70080K, reserved 1114112K
  class space    used 6791K, committed 7424K, reserved 1048576K
}
Event: 37.276 GC heap after
{Heap after GC invocations=1288 (full 3):
 PSYoungGen      total 5632K, used 923K [0x00000000d5580000, 0x00000000d5d00000, 0x0000000100000000)
  eden space 4608K, 0% used [0x00000000d5580000,0x00000000d5580000,0x00000000d5a00000)
  from space 1024K, 90% used [0x00000000d5a00000,0x00000000d5ae6c08,0x00000000d5b00000)
  to   space 1024K, 0% used [0x00000000d5c00000,0x00000000d5c00000,0x00000000d5d00000)
 ParOldGen       total 803328K, used 802945K [0x0000000080000000, 0x00000000b1080000, 0x00000000d5580000)
  object space 803328K, 99% used [0x0000000080000000,0x00000000b10204a8,0x00000000b1080000)
 Metaspace       used 68610K, committed 70080K, reserved 1114112K
  class space    used 6791K, committed 7424K, reserved 1048576K
}
Event: 37.288 GC heap before
{Heap before GC invocations=1289 (full 3):
 PSYoungGen      total 5632K, used 5531K [0x00000000d5580000, 0x00000000d5d00000, 0x0000000100000000)
  eden space 4608K, 100% used [0x00000000d5580000,0x00000000d5a00000,0x00000000d5a00000)
  from space 1024K, 90% used [0x00000000d5a00000,0x00000000d5ae6c08,0x00000000d5b00000)
  to   space 1024K, 0% used [0x00000000d5c00000,0x00000000d5c00000,0x00000000d5d00000)
 ParOldGen       total 803328K, used 802945K [0x0000000080000000, 0x00000000b1080000, 0x00000000d5580000)
  object space 803328K, 99% used [0x0000000080000000,0x00000000b10204a8,0x00000000b1080000)
 Metaspace       used 68610K, committed 70080K, reserved 1114112K
  class space    used 6791K, committed 7424K, reserved 1048576K
}
Event: 37.290 GC heap after
{Heap after GC invocations=1289 (full 3):
 PSYoungGen      total 6144K, used 1014K [0x00000000d5580000, 0x00000000d5e00000, 0x0000000100000000)
  eden space 5120K, 0% used [0x00000000d5580000,0x00000000d5580000,0x00000000d5a80000)
  from space 1024K, 99% used [0x00000000d5c00000,0x00000000d5cfd808,0x00000000d5d00000)
  to   space 1536K, 0% used [0x00000000d5a80000,0x00000000d5a80000,0x00000000d5c00000)
 ParOldGen       total 803840K, used 803681K [0x0000000080000000, 0x00000000b1100000, 0x00000000d5580000)
  object space 803840K, 99% used [0x0000000080000000,0x00000000b10d84a8,0x00000000b1100000)
 Metaspace       used 68610K, committed 70080K, reserved 1114112K
  class space    used 6791K, committed 7424K, reserved 1048576K
}
Event: 37.307 GC heap before
{Heap before GC invocations=1290 (full 3):
 PSYoungGen      total 6144K, used 6134K [0x00000000d5580000, 0x00000000d5e00000, 0x0000000100000000)
  eden space 5120K, 100% used [0x00000000d5580000,0x00000000d5a80000,0x00000000d5a80000)
  from space 1024K, 99% used [0x00000000d5c00000,0x00000000d5cfd808,0x00000000d5d00000)
  to   space 1536K, 0% used [0x00000000d5a80000,0x00000000d5a80000,0x00000000d5c00000)
 ParOldGen       total 803840K, used 803681K [0x0000000080000000, 0x00000000b1100000, 0x00000000d5580000)
  object space 803840K, 99% used [0x0000000080000000,0x00000000b10d84a8,0x00000000b1100000)
 Metaspace       used 68610K, committed 70080K, reserved 1114112K
  class space    used 6791K, committed 7424K, reserved 1048576K
}
Event: 38.317 GC heap after
{Heap after GC invocations=1290 (full 3):
 PSYoungGen      total 6656K, used 950K [0x00000000d5580000, 0x00000000d5d80000, 0x0000000100000000)
  eden space 5120K, 0% used [0x00000000d5580000,0x00000000d5580000,0x00000000d5a80000)
  from space 1536K, 61% used [0x00000000d5a80000,0x00000000d5b6d930,0x00000000d5c00000)
  to   space 1024K, 0% used [0x00000000d5c80000,0x00000000d5c80000,0x00000000d5d80000)
 ParOldGen       total 804864K, used 804503K [0x0000000080000000, 0x00000000b1200000, 0x00000000d5580000)
  object space 804864K, 99% used [0x0000000080000000,0x00000000b11a5cb0,0x00000000b1200000)
 Metaspace       used 68610K, committed 70080K, reserved 1114112K
  class space    used 6791K, committed 7424K, reserved 1048576K
}
Event: 39.331 GC heap before
{Heap before GC invocations=1291 (full 3):
 PSYoungGen      total 6656K, used 6070K [0x00000000d5580000, 0x00000000d5d80000, 0x0000000100000000)
  eden space 5120K, 100% used [0x00000000d5580000,0x00000000d5a80000,0x00000000d5a80000)
  from space 1536K, 61% used [0x00000000d5a80000,0x00000000d5b6d930,0x00000000d5c00000)
  to   space 1024K, 0% used [0x00000000d5c80000,0x00000000d5c80000,0x00000000d5d80000)
 ParOldGen       total 804864K, used 804503K [0x0000000080000000, 0x00000000b1200000, 0x00000000d5580000)
  object space 804864K, 99% used [0x0000000080000000,0x00000000b11a5cb0,0x00000000b1200000)
 Metaspace       used 68610K, committed 70080K, reserved 1114112K
  class space    used 6791K, committed 7424K, reserved 1048576K
}
Event: 39.333 GC heap after
{Heap after GC invocations=1291 (full 3):
 PSYoungGen      total 7168K, used 904K [0x00000000d5580000, 0x00000000d5d80000, 0x0000000100000000)
  eden space 6144K, 0% used [0x00000000d5580000,0x00000000d5580000,0x00000000d5b80000)
  from space 1024K, 88% used [0x00000000d5c80000,0x00000000d5d62378,0x00000000d5d80000)
  to   space 1024K, 0% used [0x00000000d5b80000,0x00000000d5b80000,0x00000000d5c80000)
 ParOldGen       total 805376K, used 805271K [0x0000000080000000, 0x00000000b1280000, 0x00000000d5580000)
  object space 805376K, 99% used [0x0000000080000000,0x00000000b1265cb0,0x00000000b1280000)
 Metaspace       used 68610K, committed 70080K, reserved 1114112K
  class space    used 6791K, committed 7424K, reserved 1048576K
}
Event: 39.348 GC heap before
{Heap before GC invocations=1292 (full 3):
 PSYoungGen      total 7168K, used 7048K [0x00000000d5580000, 0x00000000d5d80000, 0x0000000100000000)
  eden space 6144K, 100% used [0x00000000d5580000,0x00000000d5b80000,0x00000000d5b80000)
  from space 1024K, 88% used [0x00000000d5c80000,0x00000000d5d62378,0x00000000d5d80000)
  to   space 1024K, 0% used [0x00000000d5b80000,0x00000000d5b80000,0x00000000d5c80000)
 ParOldGen       total 805376K, used 805271K [0x0000000080000000, 0x00000000b1280000, 0x00000000d5580000)
  object space 805376K, 99% used [0x0000000080000000,0x00000000b1265cb0,0x00000000b1280000)
 Metaspace       used 68610K, committed 70080K, reserved 1114112K
  class space    used 6791K, committed 7424K, reserved 1048576K
}

